0 info it worked if it ends with ok
1 verbose cli [ '/usr/local/bin/node', '/usr/local/bin/npm', 'start' ]
2 info using npm@3.3.6
3 info using node@v5.0.0
4 verbose run-script [ 'prestart', 'start', 'poststart' ]
5 info lifecycle vu-app@0.0.1~prestart: vu-app@0.0.1
6 silly lifecycle vu-app@0.0.1~prestart: no script for prestart, continuing
7 info lifecycle vu-app@0.0.1~start: vu-app@0.0.1
8 verbose lifecycle vu-app@0.0.1~start: unsafe-perm in lifecycle true
9 verbose lifecycle vu-app@0.0.1~start: PATH: /usr/local/lib/node_modules/npm/bin/node-gyp-bin:/home/tquangvu/VuApp/frontend-angular/node_modules/.bin:/usr/local/heroku/bin:/usr/local/sbin:/usr/local/bin:/usr/sbin:/usr/bin:/sbin:/bin:/usr/games:/usr/local/games:/usr/lib/jvm/java-8-oracle/bin:/usr/lib/jvm/java-8-oracle/db/bin:/usr/lib/jvm/java-8-oracle/jre/bin
10 verbose lifecycle vu-app@0.0.1~start: CWD: /home/tquangvu/VuApp/frontend-angular
11 silly lifecycle vu-app@0.0.1~start: Args: [ '-c', 'tsc && concurrently "npm run tsc:w" "npm run lite" ' ]
12 silly lifecycle vu-app@0.0.1~start: Returned: code: 2  signal: null
13 info lifecycle vu-app@0.0.1~start: Failed to exec start script
14 verbose stack Error: vu-app@0.0.1 start: `tsc && concurrently "npm run tsc:w" "npm run lite" `
14 verbose stack Exit status 2
14 verbose stack     at EventEmitter.<anonymous> (/usr/local/lib/node_modules/npm/lib/utils/lifecycle.js:233:16)
14 verbose stack     at emitTwo (events.js:87:13)
14 verbose stack     at EventEmitter.emit (events.js:172:7)
14 verbose stack     at ChildProcess.<anonymous> (/usr/local/lib/node_modules/npm/lib/utils/spawn.js:24:14)
14 verbose stack     at emitTwo (events.js:87:13)
14 verbose stack     at ChildProcess.emit (events.js:172:7)
14 verbose stack     at maybeClose (internal/child_process.js:818:16)
14 verbose stack     at Process.ChildProcess._handle.onexit (internal/child_process.js:211:5)
15 verbose pkgid vu-app@0.0.1
16 verbose cwd /home/tquangvu/VuApp/frontend-angular
17 error Linux 3.13.0-32-generic
18 error argv "/usr/local/bin/node" "/usr/local/bin/npm" "start"
19 error node v5.0.0
20 error npm  v3.3.6
21 error code ELIFECYCLE
22 error vu-app@0.0.1 start: `tsc && concurrently "npm run tsc:w" "npm run lite" `
22 error Exit status 2
23 error Failed at the vu-app@0.0.1 start script 'tsc && concurrently "npm run tsc:w" "npm run lite" '.
23 error This is most likely a problem with the vu-app package,
23 error not with npm itself.
23 error Tell the author that this fails on your system:
23 error     tsc && concurrently "npm run tsc:w" "npm run lite"
23 error You can get their info via:
23 error     npm owner ls vu-app
23 error There is likely additional logging output above.
24 verbose exit [ 1, true ]
